[0.376s] Invoking command in '/home/anubhav/autonomous_tb3_ws/src/autonomous_tb3': PYTHONPATH=/home/anubhav/autonomous_tb3_ws/build/autonomous_tb3/prefix_override:/usr/lib/python3/dist-packages/colcon_core/task/python/colcon_distutils_commands:/home/anubhav/autonomous_tb3_ws/install/autonomous_tb3/lib/python3.10/site-packages:${PYTHONPATH} /usr/bin/python3 -W ignore:setup.py install is deprecated -W ignore:easy_install command is deprecated setup.py egg_info --egg-base ../../build/autonomous_tb3 build --build-base /home/anubhav/autonomous_tb3_ws/build/autonomous_tb3/build install --record /home/anubhav/autonomous_tb3_ws/build/autonomous_tb3/install.log --single-version-externally-managed install_data
[0.494s] running egg_info
[0.494s] writing ../../build/autonomous_tb3/autonomous_tb3.egg-info/PKG-INFO
[0.494s] writing dependency_links to ../../build/autonomous_tb3/autonomous_tb3.egg-info/dependency_links.txt
[0.494s] writing entry points to ../../build/autonomous_tb3/autonomous_tb3.egg-info/entry_points.txt
[0.494s] writing requirements to ../../build/autonomous_tb3/autonomous_tb3.egg-info/requires.txt
[0.494s] writing top-level names to ../../build/autonomous_tb3/autonomous_tb3.egg-info/top_level.txt
[0.496s] reading manifest file '../../build/autonomous_tb3/autonomous_tb3.egg-info/SOURCES.txt'
[0.496s] writing manifest file '../../build/autonomous_tb3/autonomous_tb3.egg-info/SOURCES.txt'
[0.496s] running build
[0.496s] running build_py
[0.496s] running install
[0.496s] running install_lib
[0.497s] running install_data
[0.497s] creating /home/anubhav/autonomous_tb3_ws/install/autonomous_tb3/share/autonomous_tb3/launch
[0.497s] copying launch/mapping.launch.py -> /home/anubhav/autonomous_tb3_ws/install/autonomous_tb3/share/autonomous_tb3/launch
[0.497s] creating /home/anubhav/autonomous_tb3_ws/install/autonomous_tb3/share/autonomous_tb3/config
[0.497s] copying config/tb3_cartographer.lua -> /home/anubhav/autonomous_tb3_ws/install/autonomous_tb3/share/autonomous_tb3/config
[0.497s] running install_egg_info
[0.498s] removing '/home/anubhav/autonomous_tb3_ws/install/autonomous_tb3/lib/python3.10/site-packages/autonomous_tb3-0.0.0-py3.10.egg-info' (and everything under it)
[0.498s] Copying ../../build/autonomous_tb3/autonomous_tb3.egg-info to /home/anubhav/autonomous_tb3_ws/install/autonomous_tb3/lib/python3.10/site-packages/autonomous_tb3-0.0.0-py3.10.egg-info
[0.498s] running install_scripts
[0.509s] Installing occupancy_grid_pub script to /home/anubhav/autonomous_tb3_ws/install/autonomous_tb3/lib/autonomous_tb3
[0.509s] writing list of installed files to '/home/anubhav/autonomous_tb3_ws/build/autonomous_tb3/install.log'
[0.521s] Invoked command in '/home/anubhav/autonomous_tb3_ws/src/autonomous_tb3' returned '0': PYTHONPATH=/home/anubhav/autonomous_tb3_ws/build/autonomous_tb3/prefix_override:/usr/lib/python3/dist-packages/colcon_core/task/python/colcon_distutils_commands:/home/anubhav/autonomous_tb3_ws/install/autonomous_tb3/lib/python3.10/site-packages:${PYTHONPATH} /usr/bin/python3 -W ignore:setup.py install is deprecated -W ignore:easy_install command is deprecated setup.py egg_info --egg-base ../../build/autonomous_tb3 build --build-base /home/anubhav/autonomous_tb3_ws/build/autonomous_tb3/build install --record /home/anubhav/autonomous_tb3_ws/build/autonomous_tb3/install.log --single-version-externally-managed install_data
