[0.362s] Invoking command in '/home/anubhav/autonomous_tb3_ws/src/autonomous_tb3': PYTHONPATH=/home/anubhav/autonomous_tb3_ws/build/autonomous_tb3/prefix_override:/usr/lib/python3/dist-packages/colcon_core/task/python/colcon_distutils_commands:/home/anubhav/autonomous_tb3_ws/install/autonomous_tb3/lib/python3.10/site-packages:${PYTHONPATH} /usr/bin/python3 -W ignore:setup.py install is deprecated -W ignore:easy_install command is deprecated setup.py egg_info --egg-base ../../build/autonomous_tb3 build --build-base /home/anubhav/autonomous_tb3_ws/build/autonomous_tb3/build install --record /home/anubhav/autonomous_tb3_ws/build/autonomous_tb3/install.log --single-version-externally-managed install_data
[0.479s] running egg_info
[0.479s] creating ../../build/autonomous_tb3/autonomous_tb3.egg-info
[0.479s] writing ../../build/autonomous_tb3/autonomous_tb3.egg-info/PKG-INFO
[0.479s] writing dependency_links to ../../build/autonomous_tb3/autonomous_tb3.egg-info/dependency_links.txt
[0.479s] writing entry points to ../../build/autonomous_tb3/autonomous_tb3.egg-info/entry_points.txt
[0.479s] writing requirements to ../../build/autonomous_tb3/autonomous_tb3.egg-info/requires.txt
[0.480s] writing top-level names to ../../build/autonomous_tb3/autonomous_tb3.egg-info/top_level.txt
[0.480s] writing manifest file '../../build/autonomous_tb3/autonomous_tb3.egg-info/SOURCES.txt'
[0.480s] reading manifest file '../../build/autonomous_tb3/autonomous_tb3.egg-info/SOURCES.txt'
[0.481s] writing manifest file '../../build/autonomous_tb3/autonomous_tb3.egg-info/SOURCES.txt'
[0.481s] running build
[0.481s] running build_py
[0.481s] creating /home/anubhav/autonomous_tb3_ws/build/autonomous_tb3/build
[0.481s] creating /home/anubhav/autonomous_tb3_ws/build/autonomous_tb3/build/lib
[0.481s] creating /home/anubhav/autonomous_tb3_ws/build/autonomous_tb3/build/lib/autonomous_tb3
[0.481s] copying autonomous_tb3/__init__.py -> /home/anubhav/autonomous_tb3_ws/build/autonomous_tb3/build/lib/autonomous_tb3
[0.482s] copying autonomous_tb3/occupancy_grid_pub.py -> /home/anubhav/autonomous_tb3_ws/build/autonomous_tb3/build/lib/autonomous_tb3
[0.482s] running install
[0.482s] running install_lib
[0.482s] creating /home/anubhav/autonomous_tb3_ws/install/autonomous_tb3/lib/python3.10/site-packages/autonomous_tb3
[0.482s] copying /home/anubhav/autonomous_tb3_ws/build/autonomous_tb3/build/lib/autonomous_tb3/__init__.py -> /home/anubhav/autonomous_tb3_ws/install/autonomous_tb3/lib/python3.10/site-packages/autonomous_tb3
[0.482s] copying /home/anubhav/autonomous_tb3_ws/build/autonomous_tb3/build/lib/autonomous_tb3/occupancy_grid_pub.py -> /home/anubhav/autonomous_tb3_ws/install/autonomous_tb3/lib/python3.10/site-packages/autonomous_tb3
[0.482s] byte-compiling /home/anubhav/autonomous_tb3_ws/install/autonomous_tb3/lib/python3.10/site-packages/autonomous_tb3/__init__.py to __init__.cpython-310.pyc
[0.482s] byte-compiling /home/anubhav/autonomous_tb3_ws/install/autonomous_tb3/lib/python3.10/site-packages/autonomous_tb3/occupancy_grid_pub.py to occupancy_grid_pub.cpython-310.pyc
[0.482s] running install_data
[0.482s] creating /home/anubhav/autonomous_tb3_ws/install/autonomous_tb3/share/ament_index
[0.482s] creating /home/anubhav/autonomous_tb3_ws/install/autonomous_tb3/share/ament_index/resource_index
[0.482s] creating /home/anubhav/autonomous_tb3_ws/install/autonomous_tb3/share/ament_index/resource_index/packages
[0.482s] copying resource/autonomous_tb3 -> /home/anubhav/autonomous_tb3_ws/install/autonomous_tb3/share/ament_index/resource_index/packages
[0.482s] copying package.xml -> /home/anubhav/autonomous_tb3_ws/install/autonomous_tb3/share/autonomous_tb3
[0.482s] running install_egg_info
[0.483s] Copying ../../build/autonomous_tb3/autonomous_tb3.egg-info to /home/anubhav/autonomous_tb3_ws/install/autonomous_tb3/lib/python3.10/site-packages/autonomous_tb3-0.0.0-py3.10.egg-info
[0.483s] running install_scripts
[0.494s] Installing occupancy_grid_pub script to /home/anubhav/autonomous_tb3_ws/install/autonomous_tb3/lib/autonomous_tb3
[0.494s] writing list of installed files to '/home/anubhav/autonomous_tb3_ws/build/autonomous_tb3/install.log'
[0.507s] Invoked command in '/home/anubhav/autonomous_tb3_ws/src/autonomous_tb3' returned '0': PYTHONPATH=/home/anubhav/autonomous_tb3_ws/build/autonomous_tb3/prefix_override:/usr/lib/python3/dist-packages/colcon_core/task/python/colcon_distutils_commands:/home/anubhav/autonomous_tb3_ws/install/autonomous_tb3/lib/python3.10/site-packages:${PYTHONPATH} /usr/bin/python3 -W ignore:setup.py install is deprecated -W ignore:easy_install command is deprecated setup.py egg_info --egg-base ../../build/autonomous_tb3 build --build-base /home/anubhav/autonomous_tb3_ws/build/autonomous_tb3/build install --record /home/anubhav/autonomous_tb3_ws/build/autonomous_tb3/install.log --single-version-externally-managed install_data
