/home/anubhav/autonomous_tb3_ws/install/autonomous_tb3/lib/python3.10/site-packages/autonomous_tb3/__init__.py
/home/anubhav/autonomous_tb3_ws/install/autonomous_tb3/lib/python3.10/site-packages/autonomous_tb3/occupancy_grid_pub.py
/home/anubhav/autonomous_tb3_ws/install/autonomous_tb3/lib/python3.10/site-packages/autonomous_tb3/__pycache__/__init__.cpython-310.pyc
/home/anubhav/autonomous_tb3_ws/install/autonomous_tb3/lib/python3.10/site-packages/autonomous_tb3/__pycache__/occupancy_grid_pub.cpython-310.pyc
/home/anubhav/autonomous_tb3_ws/install/autonomous_tb3/share/ament_index/resource_index/packages/autonomous_tb3
/home/anubhav/autonomous_tb3_ws/install/autonomous_tb3/share/autonomous_tb3/package.xml
/home/anubhav/autonomous_tb3_ws/install/autonomous_tb3/share/autonomous_tb3/launch/navigation.launch.py
/home/anubhav/autonomous_tb3_ws/install/autonomous_tb3/share/autonomous_tb3/launch/mapping.launch.py
/home/anubhav/autonomous_tb3_ws/install/autonomous_tb3/share/autonomous_tb3/config/tb3_cartographer.lua
/home/anubhav/autonomous_tb3_ws/install/autonomous_tb3/share/autonomous_tb3/config/tb3_world.pgm
/home/anubhav/autonomous_tb3_ws/install/autonomous_tb3/share/autonomous_tb3/config/tb3_nav_params.yaml
/home/anubhav/autonomous_tb3_ws/install/autonomous_tb3/share/autonomous_tb3/config/tb3_nav.rviz
/home/anubhav/autonomous_tb3_ws/install/autonomous_tb3/share/autonomous_tb3/config/tb3_world.yaml
/home/anubhav/autonomous_tb3_ws/install/autonomous_tb3/lib/python3.10/site-packages/autonomous_tb3-0.0.0-py3.10.egg-info/entry_points.txt
/home/anubhav/autonomous_tb3_ws/install/autonomous_tb3/lib/python3.10/site-packages/autonomous_tb3-0.0.0-py3.10.egg-info/PKG-INFO
/home/anubhav/autonomous_tb3_ws/install/autonomous_tb3/lib/python3.10/site-packages/autonomous_tb3-0.0.0-py3.10.egg-info/requires.txt
/home/anubhav/autonomous_tb3_ws/install/autonomous_tb3/lib/python3.10/site-packages/autonomous_tb3-0.0.0-py3.10.egg-info/SOURCES.txt
/home/anubhav/autonomous_tb3_ws/install/autonomous_tb3/lib/python3.10/site-packages/autonomous_tb3-0.0.0-py3.10.egg-info/top_level.txt
/home/anubhav/autonomous_tb3_ws/install/autonomous_tb3/lib/python3.10/site-packages/autonomous_tb3-0.0.0-py3.10.egg-info/zip-safe
/home/anubhav/autonomous_tb3_ws/install/autonomous_tb3/lib/python3.10/site-packages/autonomous_tb3-0.0.0-py3.10.egg-info/dependency_links.txt
/home/anubhav/autonomous_tb3_ws/install/autonomous_tb3/lib/autonomous_tb3/occupancy_grid_pub
