[0.413s] Invoking command in '/home/anubhav/autonomous_tb3_ws/src/autonomous_tb3': PYTHONPATH=/home/anubhav/autonomous_tb3_ws/build/autonomous_tb3/prefix_override:/usr/lib/python3/dist-packages/colcon_core/task/python/colcon_distutils_commands:/home/anubhav/autonomous_tb3_ws/install/autonomous_tb3/lib/python3.10/site-packages:${PYTHONPATH} /usr/bin/python3 -W ignore:setup.py install is deprecated -W ignore:easy_install command is deprecated setup.py egg_info --egg-base ../../build/autonomous_tb3 build --build-base /home/anubhav/autonomous_tb3_ws/build/autonomous_tb3/build install --record /home/anubhav/autonomous_tb3_ws/build/autonomous_tb3/install.log --single-version-externally-managed install_data
[0.540s] running egg_info
[0.541s] writing ../../build/autonomous_tb3/autonomous_tb3.egg-info/PKG-INFO
[0.541s] writing dependency_links to ../../build/autonomous_tb3/autonomous_tb3.egg-info/dependency_links.txt
[0.541s] writing entry points to ../../build/autonomous_tb3/autonomous_tb3.egg-info/entry_points.txt
[0.541s] writing requirements to ../../build/autonomous_tb3/autonomous_tb3.egg-info/requires.txt
[0.541s] writing top-level names to ../../build/autonomous_tb3/autonomous_tb3.egg-info/top_level.txt
[0.542s] reading manifest file '../../build/autonomous_tb3/autonomous_tb3.egg-info/SOURCES.txt'
[0.543s] writing manifest file '../../build/autonomous_tb3/autonomous_tb3.egg-info/SOURCES.txt'
[0.543s] running build
[0.543s] running build_py
[0.543s] copying autonomous_tb3/occupancy_grid_pub.py -> /home/anubhav/autonomous_tb3_ws/build/autonomous_tb3/build/lib/autonomous_tb3
[0.543s] running install
[0.543s] running install_lib
[0.544s] copying /home/anubhav/autonomous_tb3_ws/build/autonomous_tb3/build/lib/autonomous_tb3/occupancy_grid_pub.py -> /home/anubhav/autonomous_tb3_ws/install/autonomous_tb3/lib/python3.10/site-packages/autonomous_tb3
[0.544s] byte-compiling /home/anubhav/autonomous_tb3_ws/install/autonomous_tb3/lib/python3.10/site-packages/autonomous_tb3/occupancy_grid_pub.py to occupancy_grid_pub.cpython-310.pyc
[0.544s] running install_data
[0.544s] running install_egg_info
[0.545s] removing '/home/anubhav/autonomous_tb3_ws/install/autonomous_tb3/lib/python3.10/site-packages/autonomous_tb3-0.0.0-py3.10.egg-info' (and everything under it)
[0.545s] Copying ../../build/autonomous_tb3/autonomous_tb3.egg-info to /home/anubhav/autonomous_tb3_ws/install/autonomous_tb3/lib/python3.10/site-packages/autonomous_tb3-0.0.0-py3.10.egg-info
[0.546s] running install_scripts
[0.558s] Installing occupancy_grid_pub script to /home/anubhav/autonomous_tb3_ws/install/autonomous_tb3/lib/autonomous_tb3
[0.558s] writing list of installed files to '/home/anubhav/autonomous_tb3_ws/build/autonomous_tb3/install.log'
[0.577s] Invoked command in '/home/anubhav/autonomous_tb3_ws/src/autonomous_tb3' returned '0': PYTHONPATH=/home/anubhav/autonomous_tb3_ws/build/autonomous_tb3/prefix_override:/usr/lib/python3/dist-packages/colcon_core/task/python/colcon_distutils_commands:/home/anubhav/autonomous_tb3_ws/install/autonomous_tb3/lib/python3.10/site-packages:${PYTHONPATH} /usr/bin/python3 -W ignore:setup.py install is deprecated -W ignore:easy_install command is deprecated setup.py egg_info --egg-base ../../build/autonomous_tb3 build --build-base /home/anubhav/autonomous_tb3_ws/build/autonomous_tb3/build install --record /home/anubhav/autonomous_tb3_ws/build/autonomous_tb3/install.log --single-version-externally-managed install_data
