[0.341s] Invoking command in '/home/anubhav/autonomous_tb3_ws/src/autonomous_tb3': PYTHONPATH=/home/anubhav/autonomous_tb3_ws/build/autonomous_tb3/prefix_override:/usr/lib/python3/dist-packages/colcon_core/task/python/colcon_distutils_commands:/home/anubhav/autonomous_tb3_ws/install/autonomous_tb3/lib/python3.10/site-packages:${PYTHONPATH} /usr/bin/python3 -W ignore:setup.py install is deprecated -W ignore:easy_install command is deprecated setup.py egg_info --egg-base ../../build/autonomous_tb3 build --build-base /home/anubhav/autonomous_tb3_ws/build/autonomous_tb3/build install --record /home/anubhav/autonomous_tb3_ws/build/autonomous_tb3/install.log --single-version-externally-managed install_data
[0.459s] running egg_info
[0.460s] writing ../../build/autonomous_tb3/autonomous_tb3.egg-info/PKG-INFO
[0.460s] writing dependency_links to ../../build/autonomous_tb3/autonomous_tb3.egg-info/dependency_links.txt
[0.460s] writing entry points to ../../build/autonomous_tb3/autonomous_tb3.egg-info/entry_points.txt
[0.460s] writing requirements to ../../build/autonomous_tb3/autonomous_tb3.egg-info/requires.txt
[0.460s] writing top-level names to ../../build/autonomous_tb3/autonomous_tb3.egg-info/top_level.txt
[0.461s] reading manifest file '../../build/autonomous_tb3/autonomous_tb3.egg-info/SOURCES.txt'
[0.461s] writing manifest file '../../build/autonomous_tb3/autonomous_tb3.egg-info/SOURCES.txt'
[0.461s] running build
[0.461s] running build_py
[0.461s] running install
[0.461s] running install_lib
[0.462s] running install_data
[0.462s] running install_egg_info
[0.463s] removing '/home/anubhav/autonomous_tb3_ws/install/autonomous_tb3/lib/python3.10/site-packages/autonomous_tb3-0.0.0-py3.10.egg-info' (and everything under it)
[0.463s] Copying ../../build/autonomous_tb3/autonomous_tb3.egg-info to /home/anubhav/autonomous_tb3_ws/install/autonomous_tb3/lib/python3.10/site-packages/autonomous_tb3-0.0.0-py3.10.egg-info
[0.463s] running install_scripts
[0.473s] Installing occupancy_grid_pub script to /home/anubhav/autonomous_tb3_ws/install/autonomous_tb3/lib/autonomous_tb3
[0.473s] writing list of installed files to '/home/anubhav/autonomous_tb3_ws/build/autonomous_tb3/install.log'
[0.484s] Invoked command in '/home/anubhav/autonomous_tb3_ws/src/autonomous_tb3' returned '0': PYTHONPATH=/home/anubhav/autonomous_tb3_ws/build/autonomous_tb3/prefix_override:/usr/lib/python3/dist-packages/colcon_core/task/python/colcon_distutils_commands:/home/anubhav/autonomous_tb3_ws/install/autonomous_tb3/lib/python3.10/site-packages:${PYTHONPATH} /usr/bin/python3 -W ignore:setup.py install is deprecated -W ignore:easy_install command is deprecated setup.py egg_info --egg-base ../../build/autonomous_tb3 build --build-base /home/anubhav/autonomous_tb3_ws/build/autonomous_tb3/build install --record /home/anubhav/autonomous_tb3_ws/build/autonomous_tb3/install.log --single-version-externally-managed install_data
